INFO:19/08/2025 08.58.35:   Source directory set to [E:\git\ImageMetadata\Image Metadata\img] with original images
INFO:19/08/2025 08.58.35:   Target directory set to [E:\git\ImageMetadata\Image Metadata\MEDIA] for copied images
INFO:19/08/2025 08.58.35:   Image file [img\gemmapreg.tif] loaded
INFO:19/08/2025 08.58.35:   Byte order detected as [Intel]
INFO:19/08/2025 08.58.35:   Date Taken for [img\gemmapreg.tif] using metadata date [Sun Sep 25 11:13:48 AEST 2011]
INFO:19/08/2025 08.58.35:   Image file [img\image2.jpg] loaded
WARN:19/08/2025 08.58.35:   Metadata information not found in file [img\image2.jpg]
WARN:19/08/2025 08.58.35:   Metadata information has not been parsed yet.
INFO:19/08/2025 08.58.35:   No EXIF/metadata date found for [img\image2.jpg]
INFO:19/08/2025 08.58.35:   Date Taken for [img\image2.jpg] set to user-defined date [Sat Apr 30 00:00:00 AEST 1966] with offset [0]
WARN:19/08/2025 08.58.35:   Metadata information has not been parsed yet.
INFO:19/08/2025 08.58.35:   Image file [img\image3.jpg] loaded
WARN:19/08/2025 08.58.35:   Metadata information not found in file [img\image3.jpg]
WARN:19/08/2025 08.58.35:   Metadata information has not been parsed yet.
INFO:19/08/2025 08.58.35:   No EXIF/metadata date found for [img\image3.jpg]
INFO:19/08/2025 08.58.35:   Date Taken for [img\image3.jpg] set to user-defined date [Sat Apr 30 00:00:00 AEST 1966] with offset [0]
WARN:19/08/2025 08.58.35:   Metadata information has not been parsed yet.
INFO:19/08/2025 08.58.35:   Image file [img\IMG_0820.HEIC] loaded
INFO:19/08/2025 08.58.35:   Read [536] bytes of ICC profile data for [prof] colour type, but it is not used
WARN:19/08/2025 08.58.35:   Unhandled Media Data box [mdat] skipped
INFO:19/08/2025 08.58.35:   Byte order detected as [Motorola]
INFO:19/08/2025 08.58.35:   Date Taken for [img\IMG_0820.HEIC] using metadata date [Tue Sep 06 11:19:26 AEST 2022]
INFO:19/08/2025 08.58.35:   Image file [img\IMG_0824.HEIC] loaded
INFO:19/08/2025 08.58.35:   Read [536] bytes of ICC profile data for [prof] colour type, but it is not used
WARN:19/08/2025 08.58.35:   Unhandled Media Data box [mdat] skipped
INFO:19/08/2025 08.58.35:   Byte order detected as [Motorola]
INFO:19/08/2025 08.58.35:   Date Taken for [img\IMG_0824.HEIC] using metadata date [Tue Sep 06 11:20:50 AEST 2022]
INFO:19/08/2025 08.58.35:   Image file [img\IMG_0825.HEIC] loaded
INFO:19/08/2025 08.58.35:   Read [536] bytes of ICC profile data for [prof] colour type, but it is not used
WARN:19/08/2025 08.58.35:   Unhandled Media Data box [mdat] skipped
INFO:19/08/2025 08.58.35:   Byte order detected as [Motorola]
INFO:19/08/2025 08.58.35:   Date Taken for [img\IMG_0825.HEIC] using metadata date [Tue Sep 06 11:21:25 AEST 2022]
INFO:19/08/2025 08.58.35:   Image file [img\IMG_0827.HEIC] loaded
INFO:19/08/2025 08.58.35:   Read [536] bytes of ICC profile data for [prof] colour type, but it is not used
WARN:19/08/2025 08.58.35:   Unhandled Media Data box [mdat] skipped
INFO:19/08/2025 08.58.35:   Byte order detected as [Motorola]
INFO:19/08/2025 08.58.35:   Date Taken for [img\IMG_0827.HEIC] using metadata date [Tue Sep 06 11:22:24 AEST 2022]
INFO:19/08/2025 08.58.35:   Image file [img\IMG_0830.HEIC] loaded
INFO:19/08/2025 08.58.35:   Read [536] bytes of ICC profile data for [prof] colour type, but it is not used
WARN:19/08/2025 08.58.35:   Unhandled Media Data box [mdat] skipped
INFO:19/08/2025 08.58.35:   Byte order detected as [Motorola]
INFO:19/08/2025 08.58.35:   Date Taken for [img\IMG_0830.HEIC] using metadata date [Tue Sep 06 11:27:16 AEST 2022]
INFO:19/08/2025 08.58.35:   Image file [img\IMG_0831.HEIC] loaded
INFO:19/08/2025 08.58.35:   Read [536] bytes of ICC profile data for [prof] colour type, but it is not used
WARN:19/08/2025 08.58.35:   Unhandled Media Data box [mdat] skipped
INFO:19/08/2025 08.58.35:   Byte order detected as [Motorola]
INFO:19/08/2025 08.58.35:   Date Taken for [img\IMG_0831.HEIC] using metadata date [Tue Sep 06 11:27:38 AEST 2022]
INFO:19/08/2025 08.58.35:   Image file [img\main.jpg] loaded
WARN:19/08/2025 08.58.35:   Metadata information not found in file [img\main.jpg]
WARN:19/08/2025 08.58.35:   Metadata information has not been parsed yet.
INFO:19/08/2025 08.58.35:   No EXIF/metadata date found for [img\main.jpg]
INFO:19/08/2025 08.58.35:   Date Taken for [img\main.jpg] set to user-defined date [Sat Apr 30 00:00:00 AEST 1966] with offset [0]
WARN:19/08/2025 08.58.35:   Metadata information has not been parsed yet.
INFO:19/08/2025 08.58.35:   Image file [img\pool1.jpg] loaded
WARN:19/08/2025 08.58.35:   File [pool1.jpg] has an incorrect extension name. Found [jpg], updating to [png]
INFO:19/08/2025 08.58.35:   No chunks extracted from PNG file [img\pool1.jpg]
INFO:19/08/2025 08.58.35:   No textual information found in file [img\pool1.jpg]
INFO:19/08/2025 08.58.35:   No Exif block found in file [img\pool1.jpg]
INFO:19/08/2025 08.58.35:   No EXIF/metadata date found for [img\pool1.jpg]
INFO:19/08/2025 08.58.35:   Date Taken for [img\pool1.jpg] set to user-defined date [Sat Apr 30 00:00:00 AEST 1966] with offset [0]
INFO:19/08/2025 08.58.35:   Image file [img\pool10.jpg] loaded
WARN:19/08/2025 08.58.35:   File [pool10.jpg] has an incorrect extension name. Found [jpg], updating to [png]
INFO:19/08/2025 08.58.35:   No chunks extracted from PNG file [img\pool10.jpg]
INFO:19/08/2025 08.58.35:   No textual information found in file [img\pool10.jpg]
INFO:19/08/2025 08.58.35:   No Exif block found in file [img\pool10.jpg]
INFO:19/08/2025 08.58.35:   No EXIF/metadata date found for [img\pool10.jpg]
INFO:19/08/2025 08.58.35:   Date Taken for [img\pool10.jpg] set to user-defined date [Sat Apr 30 00:00:00 AEST 1966] with offset [0]
INFO:19/08/2025 08.58.35:   Image file [img\pool11.jpg] loaded
WARN:19/08/2025 08.58.35:   File [pool11.jpg] has an incorrect extension name. Found [jpg], updating to [png]
INFO:19/08/2025 08.58.35:   No chunks extracted from PNG file [img\pool11.jpg]
INFO:19/08/2025 08.58.35:   No textual information found in file [img\pool11.jpg]
INFO:19/08/2025 08.58.35:   No Exif block found in file [img\pool11.jpg]
INFO:19/08/2025 08.58.35:   No EXIF/metadata date found for [img\pool11.jpg]
INFO:19/08/2025 08.58.35:   Date Taken for [img\pool11.jpg] set to user-defined date [Sat Apr 30 00:00:00 AEST 1966] with offset [0]
INFO:19/08/2025 08.58.35:   Image file [img\pool12.jpg] loaded
WARN:19/08/2025 08.58.35:   File [pool12.jpg] has an incorrect extension name. Found [jpg], updating to [png]
INFO:19/08/2025 08.58.36:   No chunks extracted from PNG file [img\pool12.jpg]
INFO:19/08/2025 08.58.36:   No textual information found in file [img\pool12.jpg]
INFO:19/08/2025 08.58.36:   No Exif block found in file [img\pool12.jpg]
INFO:19/08/2025 08.58.36:   No EXIF/metadata date found for [img\pool12.jpg]
INFO:19/08/2025 08.58.36:   Date Taken for [img\pool12.jpg] set to user-defined date [Sat Apr 30 00:00:00 AEST 1966] with offset [0]
INFO:19/08/2025 08.58.36:   Image file [img\pool13.jpg] loaded
WARN:19/08/2025 08.58.36:   File [pool13.jpg] has an incorrect extension name. Found [jpg], updating to [png]
INFO:19/08/2025 08.58.36:   No chunks extracted from PNG file [img\pool13.jpg]
INFO:19/08/2025 08.58.36:   No textual information found in file [img\pool13.jpg]
INFO:19/08/2025 08.58.36:   No Exif block found in file [img\pool13.jpg]
INFO:19/08/2025 08.58.36:   No EXIF/metadata date found for [img\pool13.jpg]
INFO:19/08/2025 08.58.36:   Date Taken for [img\pool13.jpg] set to user-defined date [Sat Apr 30 00:00:00 AEST 1966] with offset [0]
INFO:19/08/2025 08.58.36:   Image file [img\pool14.jpg] loaded
WARN:19/08/2025 08.58.36:   File [pool14.jpg] has an incorrect extension name. Found [jpg], updating to [png]
INFO:19/08/2025 08.58.36:   No chunks extracted from PNG file [img\pool14.jpg]
INFO:19/08/2025 08.58.36:   No textual information found in file [img\pool14.jpg]
INFO:19/08/2025 08.58.36:   No Exif block found in file [img\pool14.jpg]
INFO:19/08/2025 08.58.36:   No EXIF/metadata date found for [img\pool14.jpg]
INFO:19/08/2025 08.58.36:   Date Taken for [img\pool14.jpg] set to user-defined date [Sat Apr 30 00:00:00 AEST 1966] with offset [0]
INFO:19/08/2025 08.58.36:   Image file [img\pool15.jpg] loaded
WARN:19/08/2025 08.58.36:   File [pool15.jpg] has an incorrect extension name. Found [jpg], updating to [png]
INFO:19/08/2025 08.58.36:   No chunks extracted from PNG file [img\pool15.jpg]
INFO:19/08/2025 08.58.36:   No textual information found in file [img\pool15.jpg]
INFO:19/08/2025 08.58.36:   No Exif block found in file [img\pool15.jpg]
INFO:19/08/2025 08.58.36:   No EXIF/metadata date found for [img\pool15.jpg]
INFO:19/08/2025 08.58.36:   Date Taken for [img\pool15.jpg] set to user-defined date [Sat Apr 30 00:00:00 AEST 1966] with offset [0]
INFO:19/08/2025 08.58.36:   Image file [img\pool16.jpg] loaded
WARN:19/08/2025 08.58.36:   File [pool16.jpg] has an incorrect extension name. Found [jpg], updating to [png]
INFO:19/08/2025 08.58.36:   No chunks extracted from PNG file [img\pool16.jpg]
INFO:19/08/2025 08.58.36:   No textual information found in file [img\pool16.jpg]
INFO:19/08/2025 08.58.36:   No Exif block found in file [img\pool16.jpg]
INFO:19/08/2025 08.58.36:   No EXIF/metadata date found for [img\pool16.jpg]
INFO:19/08/2025 08.58.36:   Date Taken for [img\pool16.jpg] set to user-defined date [Sat Apr 30 00:00:00 AEST 1966] with offset [0]
INFO:19/08/2025 08.58.36:   Image file [img\pool17.jpg] loaded
WARN:19/08/2025 08.58.36:   File [pool17.jpg] has an incorrect extension name. Found [jpg], updating to [png]
INFO:19/08/2025 08.58.36:   No chunks extracted from PNG file [img\pool17.jpg]
INFO:19/08/2025 08.58.36:   No textual information found in file [img\pool17.jpg]
INFO:19/08/2025 08.58.36:   No Exif block found in file [img\pool17.jpg]
INFO:19/08/2025 08.58.36:   No EXIF/metadata date found for [img\pool17.jpg]
INFO:19/08/2025 08.58.36:   Date Taken for [img\pool17.jpg] set to user-defined date [Sat Apr 30 00:00:00 AEST 1966] with offset [0]
INFO:19/08/2025 08.58.36:   Image file [img\pool18.jpg] loaded
WARN:19/08/2025 08.58.36:   File [pool18.jpg] has an incorrect extension name. Found [jpg], updating to [png]
INFO:19/08/2025 08.58.36:   No chunks extracted from PNG file [img\pool18.jpg]
INFO:19/08/2025 08.58.36:   No textual information found in file [img\pool18.jpg]
INFO:19/08/2025 08.58.36:   No Exif block found in file [img\pool18.jpg]
INFO:19/08/2025 08.58.36:   No EXIF/metadata date found for [img\pool18.jpg]
INFO:19/08/2025 08.58.36:   Date Taken for [img\pool18.jpg] set to user-defined date [Sat Apr 30 00:00:00 AEST 1966] with offset [0]
INFO:19/08/2025 08.58.36:   Image file [img\pool19.JPG] loaded
INFO:19/08/2025 08.58.36:   Byte order detected as [Motorola]
INFO:19/08/2025 08.58.36:   Date Taken for [img\pool19.JPG] using metadata date [Wed Jan 18 14:19:09 AEDT 2023]
INFO:19/08/2025 08.58.36:   Image file [img\pool2.jpg] loaded
WARN:19/08/2025 08.58.36:   File [pool2.jpg] has an incorrect extension name. Found [jpg], updating to [png]
INFO:19/08/2025 08.58.36:   No chunks extracted from PNG file [img\pool2.jpg]
INFO:19/08/2025 08.58.36:   No textual information found in file [img\pool2.jpg]
INFO:19/08/2025 08.58.36:   No Exif block found in file [img\pool2.jpg]
INFO:19/08/2025 08.58.36:   No EXIF/metadata date found for [img\pool2.jpg]
INFO:19/08/2025 08.58.36:   Date Taken for [img\pool2.jpg] set to user-defined date [Sat Apr 30 00:00:00 AEST 1966] with offset [0]
INFO:19/08/2025 08.58.36:   Image file [img\pool20.JPG] loaded
INFO:19/08/2025 08.58.36:   Byte order detected as [Motorola]
INFO:19/08/2025 08.58.36:   Date Taken for [img\pool20.JPG] using metadata date [Wed Jan 18 14:20:41 AEDT 2023]
INFO:19/08/2025 08.58.36:   Image file [img\pool21.jpg] loaded
INFO:19/08/2025 08.58.36:   Byte order detected as [Motorola]
INFO:19/08/2025 08.58.36:   Date Taken for [img\pool21.jpg] using metadata date [Mon Jan 23 16:52:43 AEDT 2023]
INFO:19/08/2025 08.58.36:   Image file [img\pool22.jpg] loaded
INFO:19/08/2025 08.58.36:   Byte order detected as [Motorola]
INFO:19/08/2025 08.58.36:   Date Taken for [img\pool22.jpg] using metadata date [Mon Jan 23 16:53:09 AEDT 2023]
INFO:19/08/2025 08.58.36:   Image file [img\pool3.jpg] loaded
WARN:19/08/2025 08.58.36:   File [pool3.jpg] has an incorrect extension name. Found [jpg], updating to [png]
INFO:19/08/2025 08.58.36:   No chunks extracted from PNG file [img\pool3.jpg]
INFO:19/08/2025 08.58.36:   No textual information found in file [img\pool3.jpg]
INFO:19/08/2025 08.58.36:   No Exif block found in file [img\pool3.jpg]
INFO:19/08/2025 08.58.36:   No EXIF/metadata date found for [img\pool3.jpg]
INFO:19/08/2025 08.58.36:   Date Taken for [img\pool3.jpg] set to user-defined date [Sat Apr 30 00:00:00 AEST 1966] with offset [0]
INFO:19/08/2025 08.58.36:   Image file [img\pool4.jpg] loaded
WARN:19/08/2025 08.58.36:   File [pool4.jpg] has an incorrect extension name. Found [jpg], updating to [png]
INFO:19/08/2025 08.58.36:   No chunks extracted from PNG file [img\pool4.jpg]
INFO:19/08/2025 08.58.36:   No textual information found in file [img\pool4.jpg]
INFO:19/08/2025 08.58.36:   No Exif block found in file [img\pool4.jpg]
INFO:19/08/2025 08.58.36:   No EXIF/metadata date found for [img\pool4.jpg]
INFO:19/08/2025 08.58.36:   Date Taken for [img\pool4.jpg] set to user-defined date [Sat Apr 30 00:00:00 AEST 1966] with offset [0]
INFO:19/08/2025 08.58.36:   Image file [img\pool5.jpg] loaded
WARN:19/08/2025 08.58.36:   File [pool5.jpg] has an incorrect extension name. Found [jpg], updating to [png]
INFO:19/08/2025 08.58.36:   No chunks extracted from PNG file [img\pool5.jpg]
INFO:19/08/2025 08.58.36:   No textual information found in file [img\pool5.jpg]
INFO:19/08/2025 08.58.36:   No Exif block found in file [img\pool5.jpg]
INFO:19/08/2025 08.58.36:   No EXIF/metadata date found for [img\pool5.jpg]
INFO:19/08/2025 08.58.36:   Date Taken for [img\pool5.jpg] set to user-defined date [Sat Apr 30 00:00:00 AEST 1966] with offset [0]
INFO:19/08/2025 08.58.36:   Image file [img\pool6.jpg] loaded
WARN:19/08/2025 08.58.36:   File [pool6.jpg] has an incorrect extension name. Found [jpg], updating to [png]
INFO:19/08/2025 08.58.36:   No chunks extracted from PNG file [img\pool6.jpg]
INFO:19/08/2025 08.58.36:   No textual information found in file [img\pool6.jpg]
INFO:19/08/2025 08.58.36:   No Exif block found in file [img\pool6.jpg]
INFO:19/08/2025 08.58.36:   No EXIF/metadata date found for [img\pool6.jpg]
INFO:19/08/2025 08.58.36:   Date Taken for [img\pool6.jpg] set to user-defined date [Sat Apr 30 00:00:00 AEST 1966] with offset [0]
INFO:19/08/2025 08.58.36:   Image file [img\pool7.jpg] loaded
WARN:19/08/2025 08.58.36:   File [pool7.jpg] has an incorrect extension name. Found [jpg], updating to [png]
INFO:19/08/2025 08.58.36:   No chunks extracted from PNG file [img\pool7.jpg]
INFO:19/08/2025 08.58.36:   No textual information found in file [img\pool7.jpg]
INFO:19/08/2025 08.58.36:   No Exif block found in file [img\pool7.jpg]
INFO:19/08/2025 08.58.36:   No EXIF/metadata date found for [img\pool7.jpg]
INFO:19/08/2025 08.58.36:   Date Taken for [img\pool7.jpg] set to user-defined date [Sat Apr 30 00:00:00 AEST 1966] with offset [0]
INFO:19/08/2025 08.58.36:   Image file [img\pool8.jpg] loaded
WARN:19/08/2025 08.58.36:   File [pool8.jpg] has an incorrect extension name. Found [jpg], updating to [png]
INFO:19/08/2025 08.58.36:   No chunks extracted from PNG file [img\pool8.jpg]
INFO:19/08/2025 08.58.36:   No textual information found in file [img\pool8.jpg]
INFO:19/08/2025 08.58.36:   No Exif block found in file [img\pool8.jpg]
INFO:19/08/2025 08.58.36:   No EXIF/metadata date found for [img\pool8.jpg]
INFO:19/08/2025 08.58.36:   Date Taken for [img\pool8.jpg] set to user-defined date [Sat Apr 30 00:00:00 AEST 1966] with offset [0]
INFO:19/08/2025 08.58.36:   Image file [img\pool9.jpg] loaded
WARN:19/08/2025 08.58.36:   File [pool9.jpg] has an incorrect extension name. Found [jpg], updating to [png]
INFO:19/08/2025 08.58.36:   No chunks extracted from PNG file [img\pool9.jpg]
INFO:19/08/2025 08.58.36:   No textual information found in file [img\pool9.jpg]
INFO:19/08/2025 08.58.36:   No Exif block found in file [img\pool9.jpg]
INFO:19/08/2025 08.58.36:   No EXIF/metadata date found for [img\pool9.jpg]
INFO:19/08/2025 08.58.36:   Date Taken for [img\pool9.jpg] set to user-defined date [Sat Apr 30 00:00:00 AEST 1966] with offset [0]
INFO:19/08/2025 08.58.36:   Image file [img\SandroBotticelli.webp] loaded
INFO:19/08/2025 08.58.36:   Byte order detected as [Motorola]
INFO:19/08/2025 08.58.36:   Date Taken for [img\SandroBotticelli.webp] using metadata date [Wed Jan 18 14:19:09 AEDT 2023]
INFO:19/08/2025 08.58.36:   Image file [img\test.jpg] loaded
INFO:19/08/2025 08.58.36:   Byte order detected as [Motorola]
INFO:19/08/2025 08.58.36:   Date Taken for [img\test.jpg] using metadata date [Fri Jul 16 09:56:22 AEST 2021]
INFO:19/08/2025 08.58.36:   Image file [img\testPNGimage.png] loaded
INFO:19/08/2025 08.58.36:   Byte order detected as [Motorola]
INFO:19/08/2025 08.58.36:   Date Taken for [img\testPNGimage.png] using metadata date [Sun Oct 07 11:15:45 AEDT 2012]
